#
# There is insufficient memory for the Java Runtime Environment to continue.
# Native memory allocation (malloc) failed to allocate 32744 bytes for ChunkPool::allocate
# Possible reasons:
#   The system is out of physical RAM or swap space
#   The process is running with CompressedOops enabled, and the Java Heap may be blocking the growth of the native heap
# Possible solutions:
#   Reduce memory load on the system
#   Increase physical memory or swap space
#   Check if swap backing store is full
#   Decrease Java heap size (-Xmx/-Xms)
#   Decrease number of Java threads
#   Decrease Java thread stack sizes (-Xss)
#   Set larger code cache with -XX:ReservedCodeCacheSize=
#   JVM is running with Unscaled Compressed Oops mode in which the Java heap is
#     placed in the first 4GB address space. The Java Heap base address is the
#     maximum limit for the native heap growth. Please use -XX:HeapBaseMinAddress
#     to set the Java Heap base and to place the Java Heap above 4GB virtual address.
# This output file may be truncated or incomplete.
#
#  Out of Memory Error (allocation.cpp:272), pid=34476, tid=0x0000000000002f8c
#
# JRE version: OpenJDK Runtime Environment (8.0_202-b03) (build 1.8.0_202-release-1483-b03)
# Java VM: OpenJDK 64-Bit Server VM (25.202-b03 mixed mode windows-amd64 compressed oops)
# Failed to write core dump. Minidumps are not enabled by default on client versions of Windows
#

---------------  T H R E A D  ---------------

Current thread (0x000000001851e800):  JavaThread "C1 CompilerThread3" daemon [_thread_in_vm, id=12172, stack(0x00000000190c0000,0x00000000191c0000)]

Stack: [0x00000000190c0000,0x00000000191c0000]
[error occurred during error reporting (printing stack bounds), id 0xc0000005]

Native frames: (J=compiled Java code, j=interpreted, Vv=VM code, C=native code)


---------------  P R O C E S S  ---------------

Java Threads: ( => current thread )
  0x000000002a04f800 JavaThread "ForkJoinPool-11-worker-0" daemon [_thread_in_Java, id=5416, stack(0x0000000028120000,0x0000000028220000)]
  0x000000002a051800 JavaThread "ForkJoinPool-11-worker-7" daemon [_thread_blocked, id=6980, stack(0x0000000028020000,0x0000000028120000)]
  0x000000002a054800 JavaThread "ForkJoinPool-11-worker-6" daemon [_thread_blocked, id=34896, stack(0x0000000027f20000,0x0000000028020000)]
  0x000000002a050000 JavaThread "ForkJoinPool-11-worker-5" daemon [_thread_in_Java, id=11612, stack(0x0000000027e20000,0x0000000027f20000)]
  0x000000002a04d000 JavaThread "ForkJoinPool-11-worker-4" daemon [_thread_in_Java, id=9600, stack(0x0000000027d20000,0x0000000027e20000)]
  0x000000002a054000 JavaThread "ForkJoinPool-11-worker-3" daemon [_thread_blocked, id=39580, stack(0x0000000027c20000,0x0000000027d20000)]
  0x000000002a053000 JavaThread "ForkJoinPool-11-worker-2" daemon [_thread_blocked, id=33988, stack(0x0000000027b20000,0x0000000027c20000)]
  0x000000002a051000 JavaThread "ForkJoinPool-11-worker-1" daemon [_thread_in_vm, id=18688, stack(0x0000000026a20000,0x0000000026b20000)]
  0x0000000019624000 JavaThread "WorkerExecutor Queue Thread 8" [_thread_blocked, id=28880, stack(0x0000000027420000,0x0000000027520000)]
  0x000000001ffbb000 JavaThread "WorkerExecutor Queue Thread 7" [_thread_blocked, id=36868, stack(0x0000000026d20000,0x0000000026e20000)]
  0x000000001ffb3800 JavaThread "WorkerExecutor Queue Thread 6" [_thread_blocked, id=33828, stack(0x0000000026c20000,0x0000000026d20000)]
  0x000000001ffb4000 JavaThread "WorkerExecutor Queue Thread 5" [_thread_blocked, id=38312, stack(0x0000000026b20000,0x0000000026c20000)]
  0x000000001ffb5800 JavaThread "WorkerExecutor Queue Thread 3" [_thread_blocked, id=1132, stack(0x0000000026920000,0x0000000026a20000)]
  0x000000001ffb9800 JavaThread "WorkerExecutor Queue Thread 2" [_thread_blocked, id=25740, stack(0x0000000026020000,0x0000000026120000)]
  0x000000001ffb8000 JavaThread "WorkerExecutor Queue" [_thread_in_native, id=33996, stack(0x0000000026820000,0x0000000026920000)]
  0x000000001ffb7000 JavaThread "RMI TCP Connection(18)-127.0.0.1" daemon [_thread_in_native, id=37672, stack(0x0000000026720000,0x0000000026820000)]
  0x000000001ffb6800 JavaThread "RMI TCP Connection(17)-127.0.0.1" daemon [_thread_in_native, id=23324, stack(0x0000000026520000,0x0000000026620000)]
  0x000000001ffb2000 JavaThread "Cache worker for execution history cache (C:\Users\imamh\Desktop\studlab-mobile-master\studlab-mobile-master\.gradle\5.4.1\executionHistory)" [_thread_blocked, id=30700, stack(0x0000000026180000,0x0000000026280000)]
  0x000000001ffb1000 JavaThread "Execution worker for ':' Thread 7" [_thread_blocked, id=22836, stack(0x0000000025c20000,0x0000000025d20000)]
  0x000000001ffb5000 JavaThread "Execution worker for ':' Thread 6" [_thread_blocked, id=36276, stack(0x0000000025620000,0x0000000025720000)]
  0x00000000213d2000 JavaThread "Execution worker for ':' Thread 5" [_thread_blocked, id=29052, stack(0x0000000025420000,0x0000000025520000)]
  0x00000000213d7000 JavaThread "Execution worker for ':' Thread 4" [_thread_blocked, id=8772, stack(0x0000000025320000,0x0000000025420000)]
  0x00000000213d6800 JavaThread "Execution worker for ':' Thread 3" [_thread_blocked, id=33488, stack(0x0000000025220000,0x0000000025320000)]
  0x00000000213c9800 JavaThread "Execution worker for ':' Thread 2" [_thread_blocked, id=29120, stack(0x0000000025120000,0x0000000025220000)]
  0x00000000213d0800 JavaThread "Execution worker for ':'" [_thread_blocked, id=38620, stack(0x00000000247f0000,0x00000000248f0000)]
  0x00000000213c9000 JavaThread "Cache worker for file content cache (C:\Users\imamh\Desktop\studlab-mobile-master\studlab-mobile-master\.gradle\5.4.1\fileContent)" [_thread_blocked, id=38928, stack(0x00000000245f0000,0x00000000246f0000)]
  0x00000000213cf800 JavaThread "Cache worker for Build Output Cleanup Cache (C:\Users\imamh\Desktop\studlab-mobile-master\studlab-mobile-master\.gradle\buildOutputCleanup)" [_thread_blocked, id=39232, stack(0x00000000230d0000,0x00000000231d0000)]
  0x00000000213c8000 JavaThread "pool-9-thread-1" [_thread_blocked, id=7820, stack(0x0000000022fd0000,0x00000000230d0000)]
  0x00000000213cc800 JavaThread "Build operations Thread 8" [_thread_blocked, id=30808, stack(0x0000000022ed0000,0x0000000022fd0000)]
  0x00000000213cb000 JavaThread "Build operations Thread 7" [_thread_blocked, id=21580, stack(0x0000000022dd0000,0x0000000022ed0000)]
  0x00000000213ce000 JavaThread "Build operations Thread 6" [_thread_blocked, id=35356, stack(0x0000000022cd0000,0x0000000022dd0000)]
  0x00000000213ca800 JavaThread "Build operations Thread 5" [_thread_blocked, id=38152, stack(0x0000000022bd0000,0x0000000022cd0000)]
  0x000000001df9c000 JavaThread "Build operations Thread 4" [_thread_blocked, id=4224, stack(0x0000000022ad0000,0x0000000022bd0000)]
  0x000000001df99000 JavaThread "Build operations Thread 3" [_thread_blocked, id=39384, stack(0x00000000229d0000,0x0000000022ad0000)]
  0x000000001df9f800 JavaThread "Build operations Thread 2" [_thread_blocked, id=39488, stack(0x00000000226a0000,0x00000000227a0000)]
  0x000000001df9f000 JavaThread "Build operations" [_thread_blocked, id=23152, stack(0x00000000222a0000,0x00000000223a0000)]
  0x000000001df9e000 JavaThread "Cache worker for cache directory md-rule (C:\Users\imamh\.gradle\caches\5.4.1\md-rule)" [_thread_blocked, id=36244, stack(0x000000001f980000,0x000000001fa80000)]
  0x000000001df9d800 JavaThread "Cache worker for cache directory md-supplier (C:\Users\imamh\.gradle\caches\5.4.1\md-supplier)" [_thread_blocked, id=8176, stack(0x000000001f880000,0x000000001f980000)]
  0x000000001df96000 JavaThread "Cache worker for file hash cache (C:\Users\imamh\Desktop\studlab-mobile-master\studlab-mobile-master\.gradle\5.4.1\fileHashes)" [_thread_blocked, id=35628, stack(0x000000001f780000,0x000000001f880000)]
  0x000000001df9b000 JavaThread "Thread-160" [_thread_blocked, id=36692, stack(0x000000001f680000,0x000000001f780000)]
  0x000000001df93800 JavaThread "Stdin handler" [_thread_blocked, id=39700, stack(0x000000001bd10000,0x000000001be10000)]
  0x000000001df91800 JavaThread "Asynchronous log dispatcher for DefaultDaemonConnection: socket connection from /127.0.0.1:56837 to /127.0.0.1:57856" [_thread_blocked, id=38788, stack(0x000000001ba10000,0x000000001bb10000)]
  0x000000001df95000 JavaThread "Daemon worker Thread 5" [_thread_blocked, id=37364, stack(0x000000001b910000,0x000000001ba10000)]
  0x000000001df93000 JavaThread "Cancel handler" [_thread_blocked, id=21052, stack(0x000000001b610000,0x000000001b710000)]
  0x000000001df98000 JavaThread "Handler for socket connection from /127.0.0.1:56837 to /127.0.0.1:57856" [_thread_in_native, id=30676, stack(0x000000001b510000,0x000000001b610000)]
  0x000000001df90800 JavaThread "Daemon Thread 5" [_thread_blocked, id=24172, stack(0x0000000000d40000,0x0000000000e40000)]
  0x000000001ffba000 JavaThread "Cache worker for Java compile cache (C:\Users\imamh\.gradle\caches\5.4.1\javaCompile)" [_thread_blocked, id=6560, stack(0x0000000026620000,0x0000000026720000)]
  0x000000001ffbd000 JavaThread "RMI Reaper" [_thread_blocked, id=16248, stack(0x0000000025f20000,0x0000000026020000)]
  0x000000001ffbe800 JavaThread "RMI TCP Accept-0" daemon [_thread_in_native, id=22516, stack(0x0000000025e20000,0x0000000025f20000)]
  0x000000001ffb8800 JavaThread "GC Daemon" daemon [_thread_blocked, id=5220, stack(0x0000000025d20000,0x0000000025e20000)]
  0x000000001ffb0800 JavaThread "RMI Scheduler(0)" daemon [_thread_blocked, id=13732, stack(0x0000000025b20000,0x0000000025c20000)]
  0x00000000213d1000 JavaThread "Cache worker for file content cache (C:\Users\imamh\.gradle\caches\5.4.1\fileContent)" [_thread_blocked, id=33404, stack(0x00000000239d0000,0x0000000023ad0000)]
  0x00000000213d5000 JavaThread "Memory manager" [_thread_blocked, id=38492, stack(0x00000000242f0000,0x00000000243f0000)]
  0x00000000213cc000 JavaThread "Cache worker for execution history cache (C:\Users\imamh\.gradle\caches\5.4.1\executionHistory)" [_thread_blocked, id=11840, stack(0x00000000223a0000,0x00000000224a0000)]
  0x0000000019628800 JavaThread "Cache worker for journal cache (C:\Users\imamh\.gradle\caches\journal-1)" [_thread_blocked, id=39024, stack(0x000000001c010000,0x000000001c110000)]
  0x0000000019628000 JavaThread "File lock request listener" [_thread_in_native, id=38084, stack(0x000000001bf10000,0x000000001c010000)]
  0x0000000019c72000 JavaThread "Cache worker for file hash cache (C:\Users\imamh\.gradle\caches\5.4.1\fileHashes)" [_thread_blocked, id=7044, stack(0x000000001be10000,0x000000001bf10000)]
  0x0000000019606000 JavaThread "Daemon periodic checks" [_thread_blocked, id=37828, stack(0x000000001b410000,0x000000001b510000)]
  0x0000000019671000 JavaThread "Incoming local TCP Connector on port 56837" [_thread_in_native, id=23652, stack(0x000000001b1d0000,0x000000001b2d0000)]
  0x000000001a345800 JavaThread "Daemon health stats" [_thread_blocked, id=29356, stack(0x000000001ab90000,0x000000001ac90000)]
  0x0000000018561800 JavaThread "Service Thread" daemon [_thread_blocked, id=4016, stack(0x00000000191c0000,0x00000000192c0000)]
=>0x000000001851e800 JavaThread "C1 CompilerThread3" daemon [_thread_in_vm, id=12172, stack(0x00000000190c0000,0x00000000191c0000)]
  0x00000000184fb000 JavaThread "C2 CompilerThread2" daemon [_thread_in_native, id=36740, stack(0x0000000018fc0000,0x00000000190c0000)]
  0x00000000184f2000 JavaThread "C2 CompilerThread1" daemon [_thread_in_native, id=19824, stack(0x0000000018ec0000,0x0000000018fc0000)]
  0x00000000184ea800 JavaThread "C2 CompilerThread0" daemon [_thread_in_native, id=31460, stack(0x0000000018dc0000,0x0000000018ec0000)]
  0x00000000184e8000 JavaThread "Attach Listener" daemon [_thread_blocked, id=11676, stack(0x0000000018cc0000,0x0000000018dc0000)]
  0x00000000184e7800 JavaThread "Signal Dispatcher" daemon [_thread_blocked, id=37108, stack(0x0000000018bc0000,0x0000000018cc0000)]
  0x0000000002929000 JavaThread "Finalizer" daemon [_thread_blocked, id=30724, stack(0x00000000189c0000,0x0000000018ac0000)]
  0x0000000002926000 JavaThread "Reference Handler" daemon [_thread_blocked, id=18016, stack(0x00000000188c0000,0x00000000189c0000)]
  0x0000000000eae800 JavaThread "main" [_thread_blocked, id=18480, stack(0x0000000002730000,0x0000000002830000)]

Other Threads:
  0x00000000166e8000 VMThread [stack: 0x00000000183c0000,0x00000000184c0000] [id=39000]
  0x0000000018562000 WatcherThread [stack: 0x00000000192c0000,0x00000000193c0000] [id=16076]

VM state:not at safepoint (normal execution)

VM Mutex/Monitor currently owned by a thread:  ([mutex/lock_event])
[0x0000000000ead080] CompiledIC_lock - owner thread: 0x000000001851e800

heap address: 0x00000000a0000000, size: 1536 MB, Compressed Oops mode: 32-bit
Narrow klass base: 0x0000000000000000, Narrow klass shift: 3
Compressed class space size: 1073741824 Address: 0x0000000100000000

Heap:
 PSYoungGen      total 245248K, used 26095K [0x00000000e0000000, 0x00000000f4b80000, 0x0000000100000000)
  eden space 208384K, 12% used [0x00000000e0000000,0x00000000e197bf20,0x00000000ecb80000)
  from space 36864K, 0% used [0x00000000f0000000,0x00000000f0000000,0x00000000f2400000)
  to   space 53760K, 0% used [0x00000000ecb80000,0x00000000ecb80000,0x00000000f0000000)
 ParOldGen       total 130048K, used 121912K [0x00000000a0000000, 0x00000000a7f00000, 0x00000000e0000000)
  object space 130048K, 93% used [0x00000000a0000000,0x00000000a770e2a0,0x00000000a7f00000)
 Metaspace       used 85818K, capacity 89380K, committed 90456K, reserved 1128448K
  class space    used 11186K, capacity 11911K, committed 12160K, reserved 1048576K

Card table byte_map: [0x0000000011cf0000,0x0000000012000000] byte_map_base: 0x00000000117f0000

Marking Bits: (ParMarkBitMap*) 0x0000000069a29f30
 Begin Bits: [0x0000000012a00000, 0x0000000014200000)
 End Bits:   [0x0000000014200000, 0x0000000015a00000)

Polling page: 0x00000000005f0000

CodeCache: size=245760Kb used=53344Kb max_used=53368Kb free=192415Kb
 bounds [0x0000000002930000, 0x0000000005da0000, 0x0000000011930000]
 total_blobs=15947 nmethods=15094 adapters=764
 compilation: enabled

Compilation events (10 events):
Event: 1953.826 Thread 0x000000001851e800 18971       3       com.android.tools.r8.code.Instruction::e (21 bytes)
Event: 1953.827 Thread 0x000000001851e800 nmethod 18971 0x0000000005d86990 code [0x0000000005d86b20, 0x0000000005d86f98]
Event: 1953.827 Thread 0x00000000184fb000 nmethod 18954 0x0000000005d8d550 code [0x0000000005d8d6a0, 0x0000000005d8d798]
Event: 1953.827 Thread 0x00000000184fb000 18976       4       com.android.tools.r8.code.Format21t::hashCode (21 bytes)
Event: 1953.829 Thread 0x00000000184fb000 nmethod 18976 0x0000000003efb950 code [0x0000000003efbaa0, 0x0000000003efbb68]
Event: 1953.829 Thread 0x00000000184fb000 18977       4       com.android.tools.r8.code.Format11n::hashCode (20 bytes)
Event: 1953.831 Thread 0x00000000184fb000 nmethod 18977 0x0000000005d8d290 code [0x0000000005d8d3e0, 0x0000000005d8d4a8]
Event: 1953.831 Thread 0x00000000184fb000 18955       4       com.android.tools.r8.code.InstructionFactory::readSequenceFrom (4072 bytes)
Event: 1953.831 Thread 0x000000001851e800 18964       3       com.android.tools.r8.dex.DexParser$$Lambda$607/2106204454::<init> (10 bytes)
Event: 1953.832 Thread 0x000000001851e800 nmethod 18964 0x0000000005d8e9d0 code [0x0000000005d8eb20, 0x0000000005d8ecf0]

GC Heap History (10 events):
Event: 1945.989 GC heap before
{Heap before GC invocations=34 (full 3):
 PSYoungGen      total 208384K, used 204522K [0x00000000e0000000, 0x00000000ef980000, 0x0000000100000000)
  eden space 178176K, 99% used [0x00000000e0000000,0x00000000eadd3670,0x00000000eae00000)
  from space 30208K, 87% used [0x00000000ece80000,0x00000000ee867548,0x00000000eec00000)
  to   space 33280K, 0% used [0x00000000eae00000,0x00000000eae00000,0x00000000ece80000)
 ParOldGen       total 130048K, used 86869K [0x00000000a0000000, 0x00000000a7f00000, 0x00000000e0000000)
  object space 130048K, 66% used [0x00000000a0000000,0x00000000a54d57b8,0x00000000a7f00000)
 Metaspace       used 86082K, capacity 90252K, committed 90456K, reserved 1128448K
  class space    used 11293K, capacity 12115K, committed 12160K, reserved 1048576K
Event: 1946.052 GC heap after
Heap after GC invocations=34 (full 3):
 PSYoungGen      total 211456K, used 29804K [0x00000000e0000000, 0x00000000f1000000, 0x0000000100000000)
  eden space 178176K, 0% used [0x00000000e0000000,0x00000000e0000000,0x00000000eae00000)
  from space 33280K, 89% used [0x00000000eae00000,0x00000000ecb1b1c8,0x00000000ece80000)
  to   space 37376K, 0% used [0x00000000eeb80000,0x00000000eeb80000,0x00000000f1000000)
 ParOldGen       total 130048K, used 86877K [0x00000000a0000000, 0x00000000a7f00000, 0x00000000e0000000)
  object space 130048K, 66% used [0x00000000a0000000,0x00000000a54d77b8,0x00000000a7f00000)
 Metaspace       used 86082K, capacity 90252K, committed 90456K, reserved 1128448K
  class space    used 11293K, capacity 12115K, committed 12160K, reserved 1048576K
}
Event: 1947.139 GC heap before
{Heap before GC invocations=35 (full 3):
 PSYoungGen      total 211456K, used 207980K [0x00000000e0000000, 0x00000000f1000000, 0x0000000100000000)
  eden space 178176K, 100% used [0x00000000e0000000,0x00000000eae00000,0x00000000eae00000)
  from space 33280K, 89% used [0x00000000eae00000,0x00000000ecb1b1c8,0x00000000ece80000)
  to   space 37376K, 0% used [0x00000000eeb80000,0x00000000eeb80000,0x00000000f1000000)
 ParOldGen       total 130048K, used 86877K [0x00000000a0000000, 0x00000000a7f00000, 0x00000000e0000000)
  object space 130048K, 66% used [0x00000000a0000000,0x00000000a54d77b8,0x00000000a7f00000)
 Metaspace       used 86126K, capacity 90258K, committed 90456K, reserved 1128448K
  class space    used 11294K, capacity 12116K, committed 12160K, reserved 1048576K
Event: 1947.173 GC heap after
Heap after GC invocations=35 (full 3):
 PSYoungGen      total 240128K, used 25678K [0x00000000e0000000, 0x00000000f1180000, 0x0000000100000000)
  eden space 202752K, 0% used [0x00000000e0000000,0x00000000e0000000,0x00000000ec600000)
  from space 37376K, 68% used [0x00000000eeb80000,0x00000000f0493a80,0x00000000f1000000)
  to   space 38400K, 0% used [0x00000000ec600000,0x00000000ec600000,0x00000000eeb80000)
 ParOldGen       total 130048K, used 86877K [0x00000000a0000000, 0x00000000a7f00000, 0x00000000e0000000)
  object space 130048K, 66% used [0x00000000a0000000,0x00000000a54d77b8,0x00000000a7f00000)
 Metaspace       used 86126K, capacity 90258K, committed 90456K, reserved 1128448K
  class space    used 11294K, capacity 12116K, committed 12160K, reserved 1048576K
}
Event: 1948.547 GC heap before
{Heap before GC invocations=36 (full 3):
 PSYoungGen      total 240128K, used 228238K [0x00000000e0000000, 0x00000000f1180000, 0x0000000100000000)
  eden space 202752K, 99% used [0x00000000e0000000,0x00000000ec5cfeb0,0x00000000ec600000)
  from space 37376K, 68% used [0x00000000eeb80000,0x00000000f0493a80,0x00000000f1000000)
  to   space 38400K, 0% used [0x00000000ec600000,0x00000000ec600000,0x00000000eeb80000)
 ParOldGen       total 130048K, used 86877K [0x00000000a0000000, 0x00000000a7f00000, 0x00000000e0000000)
  object space 130048K, 66% used [0x00000000a0000000,0x00000000a54d77b8,0x00000000a7f00000)
 Metaspace       used 86177K, capacity 90326K, committed 90456K, reserved 1128448K
  class space    used 11299K, capacity 12116K, committed 12160K, reserved 1048576K
Event: 1948.582 GC heap after
Heap after GC invocations=36 (full 3):
 PSYoungGen      total 241152K, used 17686K [0x00000000e0000000, 0x00000000f2400000, 0x0000000100000000)
  eden space 202752K, 0% used [0x00000000e0000000,0x00000000e0000000,0x00000000ec600000)
  from space 38400K, 46% used [0x00000000ec600000,0x00000000ed745b68,0x00000000eeb80000)
  to   space 36864K, 0% used [0x00000000f0000000,0x00000000f0000000,0x00000000f2400000)
 ParOldGen       total 130048K, used 86877K [0x00000000a0000000, 0x00000000a7f00000, 0x00000000e0000000)
  object space 130048K, 66% used [0x00000000a0000000,0x00000000a54d77b8,0x00000000a7f00000)
 Metaspace       used 86177K, capacity 90326K, committed 90456K, reserved 1128448K
  class space    used 11299K, capacity 12116K, committed 12160K, reserved 1048576K
}
Event: 1950.779 GC heap before
{Heap before GC invocations=37 (full 3):
 PSYoungGen      total 241152K, used 220438K [0x00000000e0000000, 0x00000000f2400000, 0x0000000100000000)
  eden space 202752K, 100% used [0x00000000e0000000,0x00000000ec600000,0x00000000ec600000)
  from space 38400K, 46% used [0x00000000ec600000,0x00000000ed745b68,0x00000000eeb80000)
  to   space 36864K, 0% used [0x00000000f0000000,0x00000000f0000000,0x00000000f2400000)
 ParOldGen       total 130048K, used 86877K [0x00000000a0000000, 0x00000000a7f00000, 0x00000000e0000000)
  object space 130048K, 66% used [0x00000000a0000000,0x00000000a54d77b8,0x00000000a7f00000)
 Metaspace       used 86219K, capacity 90352K, committed 90456K, reserved 1128448K
  class space    used 11300K, capacity 12119K, committed 12160K, reserved 1048576K
Event: 1951.091 GC heap after
Heap after GC invocations=37 (full 3):
 PSYoungGen      total 245248K, used 36835K [0x00000000e0000000, 0x00000000f4b80000, 0x0000000100000000)
  eden space 208384K, 0% used [0x00000000e0000000,0x00000000e0000000,0x00000000ecb80000)
  from space 36864K, 99% used [0x00000000f0000000,0x00000000f23f8ce8,0x00000000f2400000)
  to   space 53760K, 0% used [0x00000000ecb80000,0x00000000ecb80000,0x00000000f0000000)
 ParOldGen       total 130048K, used 118984K [0x00000000a0000000, 0x00000000a7f00000, 0x00000000e0000000)
  object space 130048K, 91% used [0x00000000a0000000,0x00000000a74323d0,0x00000000a7f00000)
 Metaspace       used 86219K, capacity 90352K, committed 90456K, reserved 1128448K
  class space    used 11300K, capacity 12119K, committed 12160K, reserved 1048576K
}
Event: 1951.091 GC heap before
{Heap before GC invocations=38 (full 4):
 PSYoungGen      total 245248K, used 36835K [0x00000000e0000000, 0x00000000f4b80000, 0x0000000100000000)
  eden space 208384K, 0% used [0x00000000e0000000,0x00000000e0000000,0x00000000ecb80000)
  from space 36864K, 99% used [0x00000000f0000000,0x00000000f23f8ce8,0x00000000f2400000)
  to   space 53760K, 0% used [0x00000000ecb80000,0x00000000ecb80000,0x00000000f0000000)
 ParOldGen       total 130048K, used 118984K [0x00000000a0000000, 0x00000000a7f00000, 0x00000000e0000000)
  object space 130048K, 91% used [0x00000000a0000000,0x00000000a74323d0,0x00000000a7f00000)
 Metaspace       used 86219K, capacity 90352K, committed 90456K, reserved 1128448K
  class space    used 11300K, capacity 12119K, committed 12160K, reserved 1048576K
Event: 1953.647 GC heap after
Heap after GC invocations=38 (full 4):
 PSYoungGen      total 245248K, used 0K [0x00000000e0000000, 0x00000000f4b80000, 0x0000000100000000)
  eden space 208384K, 0% used [0x00000000e0000000,0x00000000e0000000,0x00000000ecb80000)
  from space 36864K, 0% used [0x00000000f0000000,0x00000000f0000000,0x00000000f2400000)
  to   space 53760K, 0% used [0x00000000ecb80000,0x00000000ecb80000,0x00000000f0000000)
 ParOldGen       total 130048K, used 121912K [0x00000000a0000000, 0x00000000a7f00000, 0x00000000e0000000)
  object space 130048K, 93% used [0x00000000a0000000,0x00000000a770e2a0,0x00000000a7f00000)
 Metaspace       used 85807K, capacity 89376K, committed 90456K, reserved 1128448K
  class space    used 11186K, capacity 11911K, committed 12160K, reserved 1048576K
}

Deoptimization events (10 events):
Event: 1948.345 Thread 0x000000001ffbb000 Uncommon trap: reason=array_check action=maybe_recompile pc=0x0000000005c82d68 method=java.util.TimSort.mergeHi(IIII)V @ 419
Event: 1948.347 Thread 0x000000001ffbb000 Uncommon trap: reason=array_check action=maybe_recompile pc=0x0000000005c854b4 method=java.util.TimSort.mergeLo(IIII)V @ 245
Event: 1950.166 Thread 0x000000001df95000 Uncommon trap: reason=unstable_if action=reinterpret pc=0x00000000031efc7c method=java.lang.AbstractStringBuilder.append(I)Ljava/lang/AbstractStringBuilder; @ 16
Event: 1950.166 Thread 0x000000001df95000 Uncommon trap: reason=unstable_if action=reinterpret pc=0x00000000031f2950 method=java.lang.Integer.getChars(II[C)V @ 7
Event: 1950.264 Thread 0x000000001ffb4000 Uncommon trap: reason=unstable_if action=reinterpret pc=0x0000000004b8383c method=java.nio.Bits.copyToArray(JLjava/lang/Object;JJJ)V @ 19
Event: 1950.381 Thread 0x000000001ffb4000 Uncommon trap: reason=unstable_if action=reinterpret pc=0x0000000004ef23b0 method=java.nio.Bits.copyToArray(JLjava/lang/Object;JJJ)V @ 19
Event: 1950.404 Thread 0x000000001ffb4000 Uncommon trap: reason=unstable_if action=reinterpret pc=0x00000000048a6d88 method=java.nio.Bits.copyToArray(JLjava/lang/Object;JJJ)V @ 19
Event: 1953.789 Thread 0x000000002a04d000 Uncommon trap: reason=unloaded action=reinterpret pc=0x00000000051ebd68 method=com.android.tools.r8.dex.DexParser.j()Lcom/android/tools/r8/graph/DexValue; @ 183
Event: 1953.789 Thread 0x000000002a04d000 Uncommon trap: reason=unstable_if action=reinterpret pc=0x0000000003115c84 method=com.android.tools.r8.n.a.a.a.g.f0.get(I)Ljava/lang/Object; @ 8
Event: 1953.795 Thread 0x000000002a051800 Uncommon trap: reason=unstable_if action=reinterpret pc=0x0000000005d85ffc method=com.android.tools.r8.n.a.a.a.g.f0.e(I)V @ 38

Classes redefined (0 events):
No events

Internal exceptions (10 events):
Event: 1949.172 Thread 0x000000001ffbb000 Exception <a 'sun/nio/fs/WindowsException'> (0x00000000e347c568) thrown at [D:\src\AOSP-openjdk-cygwin\jdk8u\hotspot\src\share\vm\prims\jni.cpp, line 710]
Event: 1949.174 Thread 0x000000001ffbb000 Exception <a 'sun/nio/fs/WindowsException'> (0x00000000e34c69a0) thrown at [D:\src\AOSP-openjdk-cygwin\jdk8u\hotspot\src\share\vm\prims\jni.cpp, line 710]
Event: 1949.177 Thread 0x000000001ffbb000 Exception <a 'sun/nio/fs/WindowsException'> (0x00000000e350e760) thrown at [D:\src\AOSP-openjdk-cygwin\jdk8u\hotspot\src\share\vm\prims\jni.cpp, line 710]
Event: 1949.179 Thread 0x000000001ffbb000 Exception <a 'sun/nio/fs/WindowsException'> (0x00000000e35568e0) thrown at [D:\src\AOSP-openjdk-cygwin\jdk8u\hotspot\src\share\vm\prims\jni.cpp, line 710]
Event: 1949.181 Thread 0x000000001ffbb000 Exception <a 'sun/nio/fs/WindowsException'> (0x00000000e35a19f8) thrown at [D:\src\AOSP-openjdk-cygwin\jdk8u\hotspot\src\share\vm\prims\jni.cpp, line 710]
Event: 1949.183 Thread 0x000000001ffbb000 Exception <a 'sun/nio/fs/WindowsException'> (0x00000000e35a9780) thrown at [D:\src\AOSP-openjdk-cygwin\jdk8u\hotspot\src\share\vm\prims\jni.cpp, line 710]
Event: 1949.187 Thread 0x000000001ffbb000 Exception <a 'sun/nio/fs/WindowsException'> (0x00000000e36313d8) thrown at [D:\src\AOSP-openjdk-cygwin\jdk8u\hotspot\src\share\vm\prims\jni.cpp, line 710]
Event: 1949.190 Thread 0x000000001ffbb000 Exception <a 'sun/nio/fs/WindowsException'> (0x00000000e3679130) thrown at [D:\src\AOSP-openjdk-cygwin\jdk8u\hotspot\src\share\vm\prims\jni.cpp, line 710]
Event: 1950.360 Thread 0x00000000213d0800 Exception <a 'java/io/FileNotFoundException'> (0x00000000e6eb85a0) thrown at [D:\src\AOSP-openjdk-cygwin\jdk8u\hotspot\src\share\vm\prims\jni.cpp, line 710]
Event: 1950.415 Thread 0x000000001ffb4000 Exception <a 'sun/nio/fs/WindowsException'> (0x00000000e7120b00) thrown at [D:\src\AOSP-openjdk-cygwin\jdk8u\hotspot\src\share\vm\prims\jni.cpp, line 710]

Events (10 events):
Event: 1953.819 Thread 0x000000002a053000 DEOPT PACKING pc=0x000000000474f9d9 sp=0x0000000027c1e940
Event: 1953.819 Thread 0x000000002a053000 DEOPT UNPACKING pc=0x00000000029775d0 sp=0x0000000027c1ee60 mode 0
Event: 1953.821 Thread 0x000000002a051000 DEOPT PACKING pc=0x000000000475cf76 sp=0x0000000026b1eeb0
Event: 1953.821 Thread 0x000000002a051000 DEOPT UNPACKING pc=0x00000000029775d0 sp=0x0000000026b1ed58 mode 0
Event: 1953.824 Thread 0x000000002a051800 DEOPT PACKING pc=0x0000000005d4b4ec sp=0x000000002811ea80
Event: 1953.824 Thread 0x000000002a051800 DEOPT UNPACKING pc=0x00000000029775d0 sp=0x000000002811e860 mode 0
Event: 1953.825 Thread 0x000000002a051000 DEOPT PACKING pc=0x000000000474f9d9 sp=0x0000000026b1e8d0
Event: 1953.825 Thread 0x000000002a051000 DEOPT UNPACKING pc=0x00000000029775d0 sp=0x0000000026b1edf0 mode 0
Event: 1953.833 Thread 0x000000002a050000 DEOPT PACKING pc=0x000000000474f9d9 sp=0x0000000027f1e8d0
Event: 1953.833 Thread 0x000000002a050000 DEOPT UNPACKING pc=0x00000000029775d0 sp=0x0000000027f1edf0 mode 0


Dynamic libraries:
0x00007ff6aa810000 - 0x00007ff6aa841000 	D:\Program Files\Android\Android Studio\jre\bin\java.exe
0x00007ffdd5d20000 - 0x00007ffdd5f10000 	C:\WINDOWS\SYSTEM32\ntdll.dll
0x00007ffdd4e20000 - 0x00007ffdd4ed2000 	C:\WINDOWS\System32\KERNEL32.DLL
0x00007ffdd3940000 - 0x00007ffdd3be3000 	C:\WINDOWS\System32\KERNELBASE.dll
0x00007ffdd4ff0000 - 0x00007ffdd5093000 	C:\WINDOWS\System32\ADVAPI32.dll
0x00007ffdd5b70000 - 0x00007ffdd5c0e000 	C:\WINDOWS\System32\msvcrt.dll
0x00007ffdd4ee0000 - 0x00007ffdd4f77000 	C:\WINDOWS\System32\sechost.dll
0x00007ffdd58e0000 - 0x00007ffdd5a00000 	C:\WINDOWS\System32\RPCRT4.dll
0x00007ffdd50a0000 - 0x00007ffdd5234000 	C:\WINDOWS\System32\USER32.dll
0x00007ffdd2ff0000 - 0x00007ffdd3011000 	C:\WINDOWS\System32\win32u.dll
0x00007ffdd5800000 - 0x00007ffdd5826000 	C:\WINDOWS\System32\GDI32.dll
0x00007ffdd37a0000 - 0x00007ffdd3934000 	C:\WINDOWS\System32\gdi32full.dll
0x00007ffdd2f50000 - 0x00007ffdd2fee000 	C:\WINDOWS\System32\msvcp_win.dll
0x00007ffdd3bf0000 - 0x00007ffdd3cea000 	C:\WINDOWS\System32\ucrtbase.dll
0x00007ffdc0b10000 - 0x00007ffdc0d95000 	C:\WINDOWS\WinSxS\amd64_microsoft.windows.common-controls_6595b64144ccf1df_6.0.18362.720_none_e6beb5c51314836b\COMCTL32.dll
0x00007ffdd5450000 - 0x00007ffdd5786000 	C:\WINDOWS\System32\combase.dll
0x00007ffdd2cb0000 - 0x00007ffdd2d30000 	C:\WINDOWS\System32\bcryptPrimitives.dll
0x00007ffdd5b40000 - 0x00007ffdd5b6e000 	C:\WINDOWS\System32\IMM32.DLL
0x00000000683d0000 - 0x00000000684a2000 	D:\Program Files\Android\Android Studio\jre\jre\bin\msvcr100.dll
0x0000000069260000 - 0x0000000069aa6000 	D:\Program Files\Android\Android Studio\jre\jre\bin\server\jvm.dll
0x00007ffdd3e30000 - 0x00007ffdd3e38000 	C:\WINDOWS\System32\PSAPI.DLL
0x00007ffdbb930000 - 0x00007ffdbb939000 	C:\WINDOWS\SYSTEM32\WSOCK32.dll
0x00007ffdcc020000 - 0x00007ffdcc044000 	C:\WINDOWS\SYSTEM32\WINMM.dll
0x00007ffdd0880000 - 0x00007ffdd088a000 	C:\WINDOWS\SYSTEM32\VERSION.dll
0x00007ffdd4f80000 - 0x00007ffdd4fef000 	C:\WINDOWS\System32\WS2_32.dll
0x00007ffdcbd90000 - 0x00007ffdcbdbd000 	C:\WINDOWS\SYSTEM32\winmmbase.dll
0x00007ffdd2d90000 - 0x00007ffdd2dda000 	C:\WINDOWS\System32\cfgmgr32.dll
0x00007ffdd0820000 - 0x00007ffdd082f000 	D:\Program Files\Android\Android Studio\jre\jre\bin\verify.dll
0x00007ffdcd4f0000 - 0x00007ffdcd519000 	D:\Program Files\Android\Android Studio\jre\jre\bin\java.dll
0x00007ffdccfa0000 - 0x00007ffdccfb6000 	D:\Program Files\Android\Android Studio\jre\jre\bin\zip.dll
0x00007ffdd3e50000 - 0x00007ffdd4535000 	C:\WINDOWS\System32\SHELL32.dll
0x00007ffdd4af0000 - 0x00007ffdd4b99000 	C:\WINDOWS\System32\shcore.dll
0x00007ffdd3020000 - 0x00007ffdd37a0000 	C:\WINDOWS\System32\windows.storage.dll
0x00007ffdd2c60000 - 0x00007ffdd2c83000 	C:\WINDOWS\System32\profapi.dll
0x00007ffdd2bf0000 - 0x00007ffdd2c3a000 	C:\WINDOWS\System32\powrprof.dll
0x00007ffdd2be0000 - 0x00007ffdd2bf0000 	C:\WINDOWS\System32\UMPDC.dll
0x00007ffdd4a90000 - 0x00007ffdd4ae2000 	C:\WINDOWS\System32\shlwapi.dll
0x00007ffdd2c90000 - 0x00007ffdd2ca1000 	C:\WINDOWS\System32\kernel.appcore.dll
0x00007ffdd2f30000 - 0x00007ffdd2f47000 	C:\WINDOWS\System32\cryptsp.dll
0x00007ffdcce40000 - 0x00007ffdcce5a000 	D:\Program Files\Android\Android Studio\jre\jre\bin\net.dll
0x00007ffdd2450000 - 0x00007ffdd24b7000 	C:\WINDOWS\system32\mswsock.dll
0x00007ffdcb7e0000 - 0x00007ffdcb7f1000 	D:\Program Files\Android\Android Studio\jre\jre\bin\nio.dll
0x00007ffdc59d0000 - 0x00007ffdc59f6000 	C:\Users\imamh\.gradle\native\29\windows-amd64\native-platform.dll
0x00007ffdcebb0000 - 0x00007ffdcebbd000 	D:\Program Files\Android\Android Studio\jre\jre\bin\management.dll
0x00007ffdd1fc0000 - 0x00007ffdd1ff3000 	C:\WINDOWS\system32\rsaenh.dll
0x00007ffdd3cf0000 - 0x00007ffdd3d16000 	C:\WINDOWS\System32\bcrypt.dll
0x00007ffdd2b00000 - 0x00007ffdd2b25000 	C:\WINDOWS\SYSTEM32\USERENV.dll
0x00007ffdd2620000 - 0x00007ffdd262c000 	C:\WINDOWS\SYSTEM32\CRYPTBASE.dll
0x00007ffdd2160000 - 0x00007ffdd219a000 	C:\WINDOWS\SYSTEM32\IPHLPAPI.DLL
0x00007ffdd3e40000 - 0x00007ffdd3e48000 	C:\WINDOWS\System32\NSI.dll
0x00007ffdc9bb0000 - 0x00007ffdc9bc6000 	C:\WINDOWS\SYSTEM32\dhcpcsvc6.DLL
0x00007ffdca990000 - 0x00007ffdca9ac000 	C:\WINDOWS\SYSTEM32\dhcpcsvc.DLL
0x00007ffdd21a0000 - 0x00007ffdd226a000 	C:\WINDOWS\SYSTEM32\DNSAPI.dll
0x00007ffdc5e00000 - 0x00007ffdc5e1e000 	C:\Users\imamh\AppData\Local\Temp\native-platform4142130939348136905dir\native-platform.dll

VM Arguments:
jvm_args: -Xmx1536m -Dfile.encoding=windows-1252 -Duser.country=US -Duser.language=en -Duser.variant 
java_command: org.gradle.launcher.daemon.bootstrap.GradleDaemon 5.4.1
java_class_path (initial): C:\Users\imamh\.gradle\wrapper\dists\gradle-5.4.1-all\3221gyojl5jsh0helicew7rwx\gradle-5.4.1\lib\gradle-launcher-5.4.1.jar
Launcher Type: SUN_STANDARD

Environment Variables:
PATH=C:\Program Files (x86)\Common Files\Oracle\Java\javapath;C:\WINDOWS\system32;C:\WINDOWS;C:\WINDOWS\System32\Wbem;C:\WINDOWS\System32\WindowsPowerShell\v1.0\;C:\WINDOWS\System32\OpenSSH\;C:\Program Files\dotnet\;C:\Program Files\Microsoft SQL Server\130\Tools\Binn\;C:\Program Files\Microsoft SQL Server\Client SDK\ODBC\170\Tools\Binn\;C:\Program Files\Microsoft SQL Server\Client SDK\ODBC\130\Tools\Binn\;C:\Program Files (x86)\Microsoft SQL Server\140\Tools\Binn\;C:\Program Files\Microsoft SQL Server\140\Tools\Binn\;C:\Program Files\Microsoft SQL Server\140\DTS\Binn\;C:\Program Files (x86)\Microsoft SQL Server\150\DTS\Binn\;C:\Program Files (x86)\Intel\Intel(R) Management Engine Components\DAL;C:\Program Files\Intel\Intel(R) Management Engine Components\DAL;C:\Program Files\Microsoft VS Code\bin;C:\Program Files\Git\cmd;C:\Program Files\Intel\WiFi\bin\;C:\Program Files\Common Files\Intel\WirelessCommon\;C:\Users\imamh\AppData\Local\Programs\Python\Python37-32\Scripts\;C:\Users\imamh\AppData\Local\Programs\Python\Python37-32\;C:\Users\imamh\AppData\Local\Microsoft\WindowsApps;C:\Users\imamh\AppData\Local\Programs\MiKTeX 2.9\miktex\bin\x64\
USERNAME=imamh
OS=Windows_NT
PROCESSOR_IDENTIFIER=Intel64 Family 6 Model 142 Stepping 10, GenuineIntel



---------------  S Y S T E M  ---------------

OS: Windows 10.0 , 64 bit Build 18362 (10.0.18362.329)

CPU:total 8 (initial active 8) (4 cores per cpu, 2 threads per core) family 6 model 142 stepping 10, cmov, cx8, fxsr, mmx, sse, sse2, sse3, ssse3, sse4.1, sse4.2, popcnt, avx, avx2, aes, clmul, erms, 3dnowpref, lzcnt, ht, tsc, tscinvbit, bmi1, bmi2, adx

Memory: 4k page, physical 8283804k(378140k free), swap 21423640k(0k free)

vm_info: OpenJDK 64-Bit Server VM (25.202-b03) for windows-amd64 JRE (1.8.0_202-release-1483-b03), built by "builder" with MS VC++ 10.0 (VS2010)

time: Sat May 23 15:39:11 2020
timezone: Bangladesh Standard Time
elapsed time: 1953 seconds (0d 0h 32m 33s)

